<?xml version="1.0" encoding="UTF-8"?>
<testng-results skipped="0" failed="0" ignored="0" total="1" passed="1">
  <reporter-output>
  </reporter-output>
  <suite name="Suite1" duration-ms="39801" started-at="2020-12-12T14:55:52 CST" finished-at="2020-12-12T14:56:32 CST">
    <groups>
    </groups>
    <test name="Regression1" duration-ms="39801" started-at="2020-12-12T14:55:52 CST" finished-at="2020-12-12T14:56:32 CST">
      <class name="com.lw.selenium.Demo">
        <test-method status="PASS" signature="doBeforeClass()[pri:0, instance:com.lw.selenium.Demo@174d20a]" name="doBeforeClass" is-config="true" duration-ms="11106" started-at="2020-12-12T14:55:52 CST" finished-at="2020-12-12T14:56:03 CST">
          <reporter-output>
          </reporter-output>
        </test-method> <!-- doBeforeClass -->
        <test-method status="PASS" signature="test_login1()[pri:0, instance:com.lw.selenium.Demo@174d20a]" name="test_login1" is-config="true" duration-ms="16225" started-at="2020-12-12T14:56:03 CST" finished-at="2020-12-12T14:56:19 CST">
          <reporter-output>
          </reporter-output>
        </test-method> <!-- test_login1 -->
        <test-method status="PASS" signature="test2()[pri:0, instance:com.lw.selenium.Demo@174d20a]" name="test2" duration-ms="10984" started-at="2020-12-12T14:56:19 CST" finished-at="2020-12-12T14:56:30 CST">
          <reporter-output>
          </reporter-output>
        </test-method> <!-- test2 -->
        <test-method status="PASS" signature="doAfterMethod()[pri:0, instance:com.lw.selenium.Demo@174d20a]" name="doAfterMethod" is-config="true" duration-ms="1438" started-at="2020-12-12T14:56:30 CST" finished-at="2020-12-12T14:56:32 CST">
          <reporter-output>
          </reporter-output>
        </test-method> <!-- doAfterMethod -->
      </class> <!-- com.lw.selenium.Demo -->
    </test> <!-- Regression1 -->
  </suite> <!-- Suite1 -->
</testng-results>
