<?xml version="1.0" encoding="UTF-8"?>
<!-- Generated by org.testng.reporters.JUnitXMLReporter -->
<testsuite hostname="172_17_0_9" ignored="0" name="Regression1" tests="1" failures="0" timestamp="2020-12-09T10:36:09 CST" time="0.187" errors="0">
  <testcase name="@BeforeClass doBeforeClass" time="0.049" classname="com.webtest.core.BaseTest">
    <failure type="java.lang.IllegalStateException" message="Specified firefox binary location does not exist or is not a real file: C:Program Files (x86)Mozilla Firefoxirefox.exe">
      <![CDATA[java.lang.IllegalStateException: Specified firefox binary location does not exist or is not a real file: C:Program Files (x86)Mozilla Firefoxirefox.exe
at com.google.common.base.Preconditions.checkState(Preconditions.java:504)
at org.openqa.selenium.firefox.Executable.<init>(Executable.java:43)
at org.openqa.selenium.firefox.FirefoxBinary.<init>(FirefoxBinary.java:123)
at org.openqa.selenium.firefox.FirefoxOptions$Binary.asBinary(FirefoxOptions.java:420)
at java.util.Optional.map(Optional.java:215)
at org.openqa.selenium.firefox.FirefoxOptions.getBinaryOrNull(FirefoxOptions.java:220)
at org.openqa.selenium.firefox.FirefoxOptions.getBinary(FirefoxOptions.java:216)
at org.openqa.selenium.firefox.FirefoxDriver.toExecutor(FirefoxDriver.java:187)
at org.openqa.selenium.firefox.FirefoxDriver.<init>(FirefoxDriver.java:147)
at org.openqa.selenium.firefox.FirefoxDriver.<init>(FirefoxDriver.java:125)
at com.webtest.core.BaseTest.newWebDriver(BaseTest.java:29)
at com.webtest.core.BaseTest.doBeforeClass(BaseTest.java:49)
at java.util.ArrayList.forEach(ArrayList.java:1257)
... Removed 25 stack frames]]>
    </failure>
  </testcase> <!-- @BeforeClass doBeforeClass -->
  <testcase name="@BeforeMethod test_login1" time="-1.60748136986E9" classname="com.lw.selenium.Demo">
    <skipped/>
  </testcase> <!-- @BeforeMethod test_login1 -->
  <testcase name="@AfterClass doAfterMethod" time="-1.607481369882E9" classname="com.webtest.core.BaseTest">
    <skipped/>
  </testcase> <!-- @AfterClass doAfterMethod -->
  <testcase name="test2" time="0.0" classname="com.lw.selenium.Demo">
    <skipped/>
  </testcase> <!-- test2 -->
</testsuite> <!-- Regression1 -->
